d:\studia\projekty\c++\dengine\dengine\x64\debug\vc140.pdb
d:\studia\projekty\c++\dengine\dengine\x64\debug\vc140.idb
d:\studia\projekty\c++\dengine\dengine\x64\debug\clock.obj
d:\studia\projekty\c++\dengine\dengine\x64\debug\display.obj
d:\studia\projekty\c++\dengine\dengine\x64\debug\movement.obj
d:\studia\projekty\c++\dengine\dengine\x64\debug\main.obj
d:\studia\projekty\c++\dengine\dengine\x64\debug\texture.obj
d:\studia\projekty\c++\dengine\dengine\x64\debug\model.obj
d:\studia\projekty\c++\dengine\dengine\x64\debug\shader.obj
d:\studia\projekty\c++\dengine\dengine\x64\debug\mesh.obj
d:\studia\projekty\c++\dengine\x64\debug\dengine.pdb
d:\studia\projekty\c++\dengine\dengine\x64\debug\dengine.tlog\cl.command.1.tlog
d:\studia\projekty\c++\dengine\dengine\x64\debug\dengine.tlog\cl.read.1.tlog
d:\studia\projekty\c++\dengine\dengine\x64\debug\dengine.tlog\cl.write.1.tlog
d:\studia\projekty\c++\dengine\dengine\x64\debug\dengine.tlog\link-cvtres.read.1.tlog
d:\studia\projekty\c++\dengine\dengine\x64\debug\dengine.tlog\link-cvtres.write.1.tlog
d:\studia\projekty\c++\dengine\dengine\x64\debug\dengine.tlog\link-rc.read.1.tlog
d:\studia\projekty\c++\dengine\dengine\x64\debug\dengine.tlog\link-rc.write.1.tlog
d:\studia\projekty\c++\dengine\dengine\x64\debug\dengine.tlog\link.340-cvtres.read.1.tlog
d:\studia\projekty\c++\dengine\dengine\x64\debug\dengine.tlog\link.340-cvtres.write.1.tlog
d:\studia\projekty\c++\dengine\dengine\x64\debug\dengine.tlog\link.340-rc.read.1.tlog
d:\studia\projekty\c++\dengine\dengine\x64\debug\dengine.tlog\link.340-rc.write.1.tlog
d:\studia\projekty\c++\dengine\dengine\x64\debug\dengine.tlog\link.340.read.1.tlog
d:\studia\projekty\c++\dengine\dengine\x64\debug\dengine.tlog\link.340.write.1.tlog
d:\studia\projekty\c++\dengine\dengine\x64\debug\dengine.tlog\link.command.1.tlog
d:\studia\projekty\c++\dengine\dengine\x64\debug\dengine.tlog\link.read.1.tlog
d:\studia\projekty\c++\dengine\dengine\x64\debug\dengine.tlog\link.write.1.tlog
